<?xml version="1.0" encoding="UTF-8"?>
<!-- Generated by org.testng.reporters.JUnitXMLReporter -->
<testsuite ignored="0" hostname="DESKTOP-67L8E2C" failures="5" tests="6" name="OrangeHrmProject" time="120.945" errors="0" timestamp="2024-09-18T10:50:56 IST">
  <testcase classname="com.OrangeHrm.testCases.TC_TestCaseLogin_001" name="loginTest" time="33.294"/>
  <testcase classname="com.OrangeHrm.testCases.TC_TestCaseLogin_001" name="loginTest" time="16.114">
    <failure type="java.lang.AssertionError" message="expected [true] but found [false]">
      <![CDATA[java.lang.AssertionError: expected [true] but found [false]
at com.OrangeHrm.testCases.TC_TestCaseLogin_001.loginTest(TC_TestCaseLogin_001.java:35)
at java.base/java.util.ArrayList.forEach(ArrayList.java:1597)
... Removed 29 stack frames]]>
    </failure>
  </testcase> <!-- loginTest -->
  <testcase classname="com.OrangeHrm.testCases.TC_TestCaseLogin_001" name="loginTest" time="16.172">
    <failure type="java.lang.AssertionError" message="expected [true] but found [false]">
      <![CDATA[java.lang.AssertionError: expected [true] but found [false]
at com.OrangeHrm.testCases.TC_TestCaseLogin_001.loginTest(TC_TestCaseLogin_001.java:35)
at java.base/java.util.ArrayList.forEach(ArrayList.java:1597)
... Removed 29 stack frames]]>
    </failure>
  </testcase> <!-- loginTest -->
  <testcase classname="com.OrangeHrm.testCases.TC_TestCaseLogin_001" name="loginTest" time="16.186">
    <failure type="java.lang.AssertionError" message="expected [true] but found [false]">
      <![CDATA[java.lang.AssertionError: expected [true] but found [false]
at com.OrangeHrm.testCases.TC_TestCaseLogin_001.loginTest(TC_TestCaseLogin_001.java:35)
at java.base/java.util.ArrayList.forEach(ArrayList.java:1597)
... Removed 29 stack frames]]>
    </failure>
  </testcase> <!-- loginTest -->
  <testcase classname="com.OrangeHrm.testCases.TC_TestCaseLogin_001" name="loginTest" time="16.152">
    <failure type="java.lang.AssertionError" message="expected [true] but found [false]">
      <![CDATA[java.lang.AssertionError: expected [true] but found [false]
at com.OrangeHrm.testCases.TC_TestCaseLogin_001.loginTest(TC_TestCaseLogin_001.java:35)
at java.base/java.util.ArrayList.forEach(ArrayList.java:1597)
... Removed 29 stack frames]]>
    </failure>
  </testcase> <!-- loginTest -->
  <testcase classname="com.OrangeHrm.testCases.TC_TestCaseLogin_001" name="loginTest" time="16.414">
    <failure type="java.lang.AssertionError" message="expected [true] but found [false]">
      <![CDATA[java.lang.AssertionError: expected [true] but found [false]
at com.OrangeHrm.testCases.TC_TestCaseLogin_001.loginTest(TC_TestCaseLogin_001.java:35)
at java.base/java.util.ArrayList.forEach(ArrayList.java:1597)
... Removed 29 stack frames]]>
    </failure>
  </testcase> <!-- loginTest -->
</testsuite> <!-- OrangeHrmProject -->
