<?xml version="1.0" encoding="UTF-8"?>
<!-- Generated by org.testng.reporters.JUnitXMLReporter -->
<testsuite ignored="0" hostname="DESKTOP-67L8E2C" failures="3" tests="5" name="OpenHrmProject" time="126.589" errors="0" timestamp="2024-09-14T11:05:27 IST">
  <testcase classname="com.OrangeHrm.testCases.TC_TestCaseLogin_001" name="loginTest" time="53.155"/>
  <testcase classname="com.OrangeHrm.testCases.TC_TestCaseLogin_001" name="loginTest" time="17.158">
    <failure type="java.lang.AssertionError" message="expected [true] but found [false]">
      <![CDATA[java.lang.AssertionError: expected [true] but found [false]
at com.OrangeHrm.testCases.TC_TestCaseLogin_001.loginTest(TC_TestCaseLogin_001.java:35)
at java.base/java.util.ArrayList.forEach(ArrayList.java:1597)
... Removed 33 stack frames]]>
    </failure>
  </testcase> <!-- loginTest -->
  <testcase classname="com.OrangeHrm.testCases.TC_TestCaseLogin_001" name="loginTest" time="16.409">
    <failure type="java.lang.AssertionError" message="expected [true] but found [false]">
      <![CDATA[java.lang.AssertionError: expected [true] but found [false]
at com.OrangeHrm.testCases.TC_TestCaseLogin_001.loginTest(TC_TestCaseLogin_001.java:35)
at java.base/java.util.ArrayList.forEach(ArrayList.java:1597)
... Removed 33 stack frames]]>
    </failure>
  </testcase> <!-- loginTest -->
  <testcase classname="com.OrangeHrm.testCases.TC_TestCaseLogin_001" name="loginTest" time="17.333"/>
  <testcase classname="com.OrangeHrm.testCases.TC_TestCaseLogin_001" name="loginTest" time="16.334">
    <failure type="java.lang.AssertionError" message="expected [true] but found [false]">
      <![CDATA[java.lang.AssertionError: expected [true] but found [false]
at com.OrangeHrm.testCases.TC_TestCaseLogin_001.loginTest(TC_TestCaseLogin_001.java:35)
at java.base/java.util.ArrayList.forEach(ArrayList.java:1597)
... Removed 33 stack frames]]>
    </failure>
  </testcase> <!-- loginTest -->
</testsuite> <!-- OpenHrmProject -->
