<?xml version="1.0" encoding="UTF-8"?>
<testsuite xmlns:xsi="http://www.w3.org/2001/XMLSchema-instance" xsi:noNamespaceSchemaLocation="https://maven.apache.org/surefire/maven-surefire-plugin/xsd/surefire-test-report-3.0.xsd" version="3.0" name="TestSuite" time="100.689" tests="5" errors="0" skipped="0" failures="3">
  <properties>
[...]
</properties>
  <testcase name="loginTest[Admin, admin123](1)" classname="com.OrangeHrm.testCases.TC_TestCaseLogin_001" time="22.095">
    <system-out><![CDATA[2024-09-13T12:48:57.259472600Z main ERROR Log4j2 could not find a logging implementation. Please add log4j-core to the classpath. Using SimpleLogger to log to the console...
2024-09-13 18:09:763 INFO  OrangeHrmProject:65 - url is opened
2024-09-13 18:09:366 INFO  OrangeHrmProject:65 - enter username
2024-09-13 18:09:585 INFO  OrangeHrmProject:65 - enter password
2024-09-13 18:09:22 INFO  OrangeHrmProject:65 - login successfully
2024-09-13 18:09:67 INFO  OrangeHrmProject:65 - logout successfully
]]></system-out>
    <system-err><![CDATA[SLF4J: No SLF4J providers were found.
SLF4J: Defaulting to no-operation (NOP) logger implementation
SLF4J: See http://www.slf4j.org/codes.html#noProviders for further details.
SLF4J: Class path contains SLF4J bindings targeting slf4j-api versions prior to 1.8.
SLF4J: Ignoring binding found at [jar:file:/C:/Users/ADMIN/.m2/repository/org/slf4j/slf4j-log4j12/1.7.30/slf4j-log4j12-1.7.30.jar!/org/slf4j/impl/StaticLoggerBinder.class]
SLF4J: See http://www.slf4j.org/codes.html#ignoredBindings for an explanation.
]]></system-err>
  </testcase>
  <testcase name="loginTest[admin, radmun](2)" classname="com.OrangeHrm.testCases.TC_TestCaseLogin_001" time="16.704">
    <failure message="expected [true] but found [false]" type="java.lang.AssertionError"><![CDATA[java.lang.AssertionError: expected [true] but found [false]
	at com.OrangeHrm.testCases.TC_TestCaseLogin_001.loginTest(TC_TestCaseLogin_001.java:32)
]]></failure>
    <system-out><![CDATA[2024-09-13 18:09:638 INFO  OrangeHrmProject:65 - url is opened
2024-09-13 18:09:146 INFO  OrangeHrmProject:65 - enter username
2024-09-13 18:09:361 INFO  OrangeHrmProject:65 - enter password
Screenshot taken
]]></system-out>
  </testcase>
  <testcase name="loginTest[minadq, jshsbgsg](3)" classname="com.OrangeHrm.testCases.TC_TestCaseLogin_001" time="19.567">
    <failure message="expected [true] but found [false]" type="java.lang.AssertionError"><![CDATA[java.lang.AssertionError: expected [true] but found [false]
	at com.OrangeHrm.testCases.TC_TestCaseLogin_001.loginTest(TC_TestCaseLogin_001.java:32)
]]></failure>
    <system-out><![CDATA[2024-09-13 18:09:349 INFO  OrangeHrmProject:65 - url is opened
2024-09-13 18:09:943 INFO  OrangeHrmProject:65 - enter username
2024-09-13 18:09:210 INFO  OrangeHrmProject:65 - enter password
Screenshot taken
]]></system-out>
  </testcase>
  <testcase name="loginTest[Admin, admin123](4)" classname="com.OrangeHrm.testCases.TC_TestCaseLogin_001" time="17.582">
    <system-out><![CDATA[2024-09-13 18:09:827 INFO  OrangeHrmProject:65 - url is opened
2024-09-13 18:09:317 INFO  OrangeHrmProject:65 - enter username
2024-09-13 18:09:468 INFO  OrangeHrmProject:65 - enter password
2024-09-13 18:09:871 INFO  OrangeHrmProject:65 - login successfully
2024-09-13 18:09:948 INFO  OrangeHrmProject:65 - logout successfully
]]></system-out>
  </testcase>
  <testcase name="loginTest[gashghj, bhhbagg](5)" classname="com.OrangeHrm.testCases.TC_TestCaseLogin_001" time="16.706">
    <failure message="expected [true] but found [false]" type="java.lang.AssertionError"><![CDATA[java.lang.AssertionError: expected [true] but found [false]
	at com.OrangeHrm.testCases.TC_TestCaseLogin_001.loginTest(TC_TestCaseLogin_001.java:32)
]]></failure>
    <system-out><![CDATA[2024-09-13 18:09:376 INFO  OrangeHrmProject:65 - url is opened
2024-09-13 18:09:880 INFO  OrangeHrmProject:65 - enter username
2024-09-13 18:09:136 INFO  OrangeHrmProject:65 - enter password
Screenshot taken
]]></system-out>
  </testcase>
</testsuite>