<?xml version="1.0" encoding="UTF-8"?>
<testsuite xmlns:xsi="http://www.w3.org/2001/XMLSchema-instance" xsi:noNamespaceSchemaLocation="https://maven.apache.org/surefire/maven-surefire-plugin/xsd/surefire-test-report-3.0.xsd" version="3.0" name="TestSuite" time="128.076" tests="5" errors="0" skipped="0" failures="3">
  <properties>
[...]
</properties>
  <testcase name="loginTest[Admin, admin123](1)" classname="com.OrangeHrm.testCases.TC_TestCaseLogin_001" time="53.183">
    <system-out><![CDATA[2024-09-14T05:33:23.669402900Z main ERROR Log4j2 could not find a logging implementation. Please add log4j-core to the classpath. Using SimpleLogger to log to the console...
2024-09-14 11:09:28 INFO  OrangeHrmProject:65 - url is opened
2024-09-14 11:09:717 INFO  OrangeHrmProject:65 - enter username
2024-09-14 11:09:873 INFO  OrangeHrmProject:65 - enter password
2024-09-14 11:09:90 INFO  OrangeHrmProject:65 - login successfully
2024-09-14 11:09:293 INFO  OrangeHrmProject:65 - logout successfully
]]></system-out>
    <system-err><![CDATA[SLF4J: No SLF4J providers were found.
SLF4J: Defaulting to no-operation (NOP) logger implementation
SLF4J: See http://www.slf4j.org/codes.html#noProviders for further details.
SLF4J: Class path contains SLF4J bindings targeting slf4j-api versions prior to 1.8.
SLF4J: Ignoring binding found at [jar:file:/C:/Users/ADMIN/.m2/repository/org/slf4j/slf4j-log4j12/1.7.30/slf4j-log4j12-1.7.30.jar!/org/slf4j/impl/StaticLoggerBinder.class]
SLF4J: See http://www.slf4j.org/codes.html#ignoredBindings for an explanation.
]]></system-err>
  </testcase>
  <testcase name="loginTest[admin, radmun](2)" classname="com.OrangeHrm.testCases.TC_TestCaseLogin_001" time="17.409">
    <failure message="expected [true] but found [false]" type="java.lang.AssertionError"><![CDATA[java.lang.AssertionError: expected [true] but found [false]
	at com.OrangeHrm.testCases.TC_TestCaseLogin_001.loginTest(TC_TestCaseLogin_001.java:35)
]]></failure>
    <system-out><![CDATA[2024-09-14 11:09:722 INFO  OrangeHrmProject:65 - url is opened
2024-09-14 11:09:133 INFO  OrangeHrmProject:65 - enter username
2024-09-14 11:09:280 INFO  OrangeHrmProject:65 - enter password
Screenshot taken
]]></system-out>
  </testcase>
  <testcase name="loginTest[minadq, jshsbgsg](3)" classname="com.OrangeHrm.testCases.TC_TestCaseLogin_001" time="16.643">
    <failure message="expected [true] but found [false]" type="java.lang.AssertionError"><![CDATA[java.lang.AssertionError: expected [true] but found [false]
	at com.OrangeHrm.testCases.TC_TestCaseLogin_001.loginTest(TC_TestCaseLogin_001.java:35)
]]></failure>
    <system-out><![CDATA[2024-09-14 11:09:238 INFO  OrangeHrmProject:65 - url is opened
2024-09-14 11:09:817 INFO  OrangeHrmProject:65 - enter username
2024-09-14 11:09:980 INFO  OrangeHrmProject:65 - enter password
Screenshot taken
]]></system-out>
  </testcase>
  <testcase name="loginTest[Admin, admin123](4)" classname="com.OrangeHrm.testCases.TC_TestCaseLogin_001" time="17.337">
    <system-out><![CDATA[2024-09-14 11:09:818 INFO  OrangeHrmProject:65 - url is opened
2024-09-14 11:09:269 INFO  OrangeHrmProject:65 - enter username
2024-09-14 11:09:438 INFO  OrangeHrmProject:65 - enter password
2024-09-14 11:09:639 INFO  OrangeHrmProject:65 - login successfully
2024-09-14 11:09:714 INFO  OrangeHrmProject:65 - logout successfully
]]></system-out>
  </testcase>
  <testcase name="loginTest[gashghj, bhhbagg](5)" classname="com.OrangeHrm.testCases.TC_TestCaseLogin_001" time="16.556">
    <failure message="expected [true] but found [false]" type="java.lang.AssertionError"><![CDATA[java.lang.AssertionError: expected [true] but found [false]
	at com.OrangeHrm.testCases.TC_TestCaseLogin_001.loginTest(TC_TestCaseLogin_001.java:35)
]]></failure>
    <system-out><![CDATA[2024-09-14 11:09:186 INFO  OrangeHrmProject:65 - url is opened
2024-09-14 11:09:713 INFO  OrangeHrmProject:65 - enter username
2024-09-14 11:09:889 INFO  OrangeHrmProject:65 - enter password
Screenshot taken
]]></system-out>
  </testcase>
</testsuite>